Array
(
    [genre] => 
    [year] => 
    [sort] => 
    [search] => 
)

Array
(
    [genre] => 
    [year] => 
    [sort] => title
    [search] => 
)

Array
(
    [genre] => 
    [year] => 
    [sort] => newest
    [search] => 
)

Array
(
    [genre] => 
    [year] => 
    [sort] => 
    [search] => 
)

Array
(
    [genre] => 
    [year] => 2020
    [sort] => 
    [search] => 
)

Array
(
    [genre] => 
    [year] => 
    [sort] => 
    [search] => 
)

Array
(
    [genre] => Technology
    [year] => 
    [sort] => 
    [search] => 
)

Array
(
    [genre] => 
    [year] => 
    [sort] => 
    [search] => 
)

Array
(
    [genre] => 
    [year] => 
    [sort] => 
    [search] => 
)

Array
(
    [genre] => 
    [year] => 
    [sort] => 
    [search] => 
)

Array
(
    [genre] => 
    [year] => 
    [sort] => 
    [search] => 
)

Array
(
    [genre] => 
    [year] => 
    [sort] => 
    [search] => 
)

Array
(
    [genre] => 
    [year] => 
    [sort] => 
    [search] => 
)

Array
(
    [genre] => 
    [year] => 
    [sort] => 
    [search] => 
)

Array
(
    [genre] => 
    [year] => 
    [sort] => 
    [search] => 
)

Array
(
    [genre] => 
    [year] => 
    [sort] => 
    [search] => 
)

Array
(
    [genre] => 
    [year] => 
    [sort] => 
    [search] => 
)

Array
(
    [genre] => 
    [year] => 
    [sort] => 
    [search] => 
)

Array
(
    [genre] => 
    [year] => 
    [sort] => 
    [search] => 
)

Array
(
    [genre] => 
    [year] => 
    [sort] => 
    [search] => 
)

Array
(
    [genre] => 
    [year] => 
    [sort] => 
    [search] => 
)

Array
(
    [genre] => 
    [year] => 
    [sort] => 
    [search] => 
)

Array
(
    [genre] => 
    [year] => 
    [sort] => 
    [search] => 
)

Array
(
    [genre] => 
    [year] => 
    [sort] => 
    [search] => 
)

Array
(
    [genre] => 
    [year] => 
    [sort] => 
    [search] => 
)

Array
(
    [genre] => 
    [year] => 
    [sort] => 
    [search] => 
)

Array
(
    [genre] => 
    [year] => 
    [sort] => 
    [search] => 
)

Array
(
    [genre] => 
    [year] => 
    [sort] => 
    [search] => 
)

Array
(
    [genre] => 
    [year] => 
    [sort] => 
    [search] => 
)

Array
(
    [genre] => 
    [year] => 
    [sort] => 
    [search] => 
)

Array
(
    [genre] => 
    [year] => 
    [sort] => 
    [search] => 
)

Array
(
    [genre] => 
    [year] => 
    [sort] => 
    [search] => 
)

Array
(
    [genre] => 
    [year] => 
    [sort] => 
    [search] => 
)

Array
(
    [genre] => 
    [year] => 
    [sort] => 
    [search] => 
)

Array
(
    [genre] => 
    [year] => 
    [sort] => 
    [search] => 
)

Array
(
    [genre] => 
    [year] => 
    [sort] => 
    [search] => 
)

Array
(
    [genre] => 
    [year] => 
    [sort] => 
    [search] => 
)

Array
(
    [genre] => 
    [year] => 
    [sort] => 
    [search] => 
)

Array
(
    [genre] => 
    [year] => 
    [sort] => 
    [search] => 
)

Array
(
    [genre] => 
    [year] => 
    [sort] => 
    [search] => 
)

Array
(
    [genre] => 
    [year] => 
    [sort] => 
    [search] => 
)

Array
(
    [genre] => 
    [year] => 
    [sort] => 
    [search] => 
)

Array
(
    [genre] => 
    [year] => 
    [sort] => 
    [search] => 
)

Array
(
    [genre] => 
    [year] => 
    [sort] => 
    [search] => 
)

Array
(
    [genre] => 
    [year] => 
    [sort] => 
    [search] => 
)

Array
(
    [genre] => 
    [year] => 
    [sort] => 
    [search] => 
)

Array
(
    [genre] => 
    [year] => 
    [sort] => 
    [search] => 
)

